2020-03-31 23:18:01,727 INFO  org.apache.flink.api.java.typeutils.TypeExtractor             - class org.apache.flink.types.Row does not contain a getter for field fields
2020-03-31 23:18:01,728 INFO  org.apache.flink.api.java.typeutils.TypeExtractor             - class org.apache.flink.types.Row does not contain a setter for field fields
2020-03-31 23:18:01,728 INFO  org.apache.flink.api.java.typeutils.TypeExtractor             - Class class org.apache.flink.types.Row cannot be used as a POJO type because not all fields are valid POJO fields, and must be processed as GenericType. Please read the Flink documentation on "Data Types & Serialization" for details of the effect on performance.
2020-03-31 23:18:01,756 INFO  org.apache.flink.api.java.ExecutionEnvironment                - The job has 0 registered types and 0 default Kryo serializers
2020-03-31 23:18:01,771 INFO  org.apache.flink.runtime.minicluster.MiniCluster              - Starting Flink Mini Cluster
2020-03-31 23:18:01,818 INFO  org.apache.flink.runtime.minicluster.MiniCluster              - Starting Metrics Registry
2020-03-31 23:18:01,899 INFO  org.apache.flink.runtime.metrics.MetricRegistryImpl           - No metrics reporter configured, no metrics will be exposed/reported.
2020-03-31 23:18:01,948 INFO  org.apache.flink.runtime.minicluster.MiniCluster              - Starting RPC Service(s)
2020-03-31 23:18:02,189 INFO  akka.event.slf4j.Slf4jLogger                                  - Slf4jLogger started
2020-03-31 23:18:02,203 INFO  org.apache.flink.runtime.minicluster.MiniCluster              - Trying to start actor system at :0
2020-03-31 23:18:02,239 INFO  akka.event.slf4j.Slf4jLogger                                  - Slf4jLogger started
2020-03-31 23:18:02,286 INFO  akka.remote.Remoting                                          - Starting remoting
2020-03-31 23:18:03,433 INFO  akka.remote.Remoting                                          - Remoting started; listening on addresses :[akka.tcp://flink-metrics@192.168.139.1:12027]
2020-03-31 23:18:03,437 INFO  org.apache.flink.runtime.minicluster.MiniCluster              - Actor system started at akka.tcp://flink-metrics@192.168.139.1:12027
2020-03-31 23:18:03,439 INFO  org.apache.flink.runtime.minicluster.MiniCluster              - Starting high-availability services
2020-03-31 23:18:03,449 INFO  org.apache.flink.runtime.blob.BlobServer                      - Created BLOB server storage directory C:\Users\KANGJIAN\AppData\Local\Temp\blobStore-d92807a4-2fd0-4bb5-9192-b4f17f4685fa
2020-03-31 23:18:03,455 INFO  org.apache.flink.runtime.blob.BlobServer                      - Started BLOB server at 0.0.0.0:12028 - max concurrent requests: 50 - max backlog: 1000
2020-03-31 23:18:03,456 INFO  org.apache.flink.runtime.minicluster.MiniCluster              - Starting ResourceManger
2020-03-31 23:18:03,469 INFO  org.apache.flink.runtime.rpc.akka.AkkaRpcService              - Starting RPC endpoint for org.apache.flink.runtime.resourcemanager.StandaloneResourceManager at akka://flink/user/resourcemanager_cf1d6721-8fb6-446f-bda0-fa6d9ec6e279 .
2020-03-31 23:18:03,485 INFO  org.apache.flink.runtime.highavailability.nonha.embedded.EmbeddedLeaderService  - Proposing leadership to contender org.apache.flink.runtime.resourcemanager.StandaloneResourceManager@2c1156a7 @ akka://flink/user/resourcemanager_cf1d6721-8fb6-446f-bda0-fa6d9ec6e279
2020-03-31 23:18:03,489 INFO  org.apache.flink.runtime.resourcemanager.StandaloneResourceManager  - ResourceManager akka://flink/user/resourcemanager_cf1d6721-8fb6-446f-bda0-fa6d9ec6e279 was granted leadership with fencing token 86e086c406169f719254cfaebb9a4bec
2020-03-31 23:18:03,489 INFO  org.apache.flink.runtime.resourcemanager.slotmanager.SlotManager  - Starting the SlotManager.
2020-03-31 23:18:03,491 INFO  org.apache.flink.runtime.highavailability.nonha.embedded.EmbeddedLeaderService  - Received confirmation of leadership for leader akka://flink/user/resourcemanager_cf1d6721-8fb6-446f-bda0-fa6d9ec6e279 , session=9254cfae-bb9a-4bec-86e0-86c406169f71
2020-03-31 23:18:03,492 INFO  org.apache.flink.runtime.blob.PermanentBlobCache              - Created BLOB cache storage directory C:\Users\KANGJIAN\AppData\Local\Temp\blobStore-64ff480b-aa31-4113-8383-1961f95fbf65
2020-03-31 23:18:03,493 INFO  org.apache.flink.runtime.blob.TransientBlobCache              - Created BLOB cache storage directory C:\Users\KANGJIAN\AppData\Local\Temp\blobStore-b1221e51-6b3a-456e-8b6b-e81b4fa91522
2020-03-31 23:18:03,494 INFO  org.apache.flink.runtime.minicluster.MiniCluster              - Starting 1 TaskManger(s)
2020-03-31 23:18:03,497 INFO  org.apache.flink.runtime.taskexecutor.TaskManagerRunner       - Starting TaskManager with ResourceID: c30768ca-16be-4b2e-b69b-c07a3a936eeb
2020-03-31 23:18:03,543 INFO  org.apache.flink.runtime.taskexecutor.TaskManagerServices     - Temporary file directory 'C:\Users\KANGJIAN\AppData\Local\Temp': total 102 GB, usable 37 GB (36.27% usable)
2020-03-31 23:18:03,903 INFO  org.apache.flink.runtime.io.network.buffer.NetworkBufferPool  - Allocated 805 MB for network buffer pool (number of memory segments: 25790, bytes per segment: 32768).
2020-03-31 23:18:03,907 INFO  org.apache.flink.runtime.query.QueryableStateUtils            - Could not load Queryable State Client Proxy. Probable reason: flink-queryable-state-runtime is not in the classpath. To enable Queryable State, please move the flink-queryable-state-runtime jar from the opt to the lib folder.
2020-03-31 23:18:03,907 INFO  org.apache.flink.runtime.query.QueryableStateUtils            - Could not load Queryable State Server. Probable reason: flink-queryable-state-runtime is not in the classpath. To enable Queryable State, please move the flink-queryable-state-runtime jar from the opt to the lib folder.
2020-03-31 23:18:03,908 INFO  org.apache.flink.runtime.io.network.NetworkEnvironment        - Starting the network environment and its components.
2020-03-31 23:18:03,910 INFO  org.apache.flink.runtime.taskexecutor.TaskManagerServices     - Limiting managed memory to 0.7 of the currently free heap space (5071 MB), memory will be allocated lazily.
2020-03-31 23:18:03,914 INFO  org.apache.flink.runtime.io.disk.iomanager.IOManager          - I/O manager uses directory C:\Users\KANGJIAN\AppData\Local\Temp\flink-io-f4185e33-c872-4f9a-b0c4-1b514fd4cb78 for spill files.
2020-03-31 23:18:03,923 INFO  org.apache.flink.runtime.taskexecutor.TaskManagerConfiguration  - Messages have a max timeout of 10000 ms
2020-03-31 23:18:03,929 INFO  org.apache.flink.runtime.rpc.akka.AkkaRpcService              - Starting RPC endpoint for org.apache.flink.runtime.taskexecutor.TaskExecutor at akka://flink/user/taskmanager_0 .
2020-03-31 23:18:03,935 INFO  org.apache.flink.runtime.taskexecutor.JobLeaderService        - Start job leader service.
2020-03-31 23:18:03,936 INFO  org.apache.flink.runtime.taskexecutor.TaskExecutor            - Connecting to ResourceManager akka://flink/user/resourcemanager_cf1d6721-8fb6-446f-bda0-fa6d9ec6e279(86e086c406169f719254cfaebb9a4bec).
2020-03-31 23:18:03,936 INFO  org.apache.flink.runtime.filecache.FileCache                  - User file cache uses directory C:\Users\KANGJIAN\AppData\Local\Temp\flink-dist-cache-6a925bb2-8dd2-48e2-8efc-1e899239c533
2020-03-31 23:18:03,937 INFO  org.apache.flink.runtime.minicluster.MiniCluster              - Starting dispatcher rest endpoint.
2020-03-31 23:18:03,946 INFO  org.apache.flink.runtime.taskexecutor.TaskExecutor            - Resolved ResourceManager address, beginning registration
2020-03-31 23:18:03,946 INFO  org.apache.flink.runtime.taskexecutor.TaskExecutor            - Registration at ResourceManager attempt 1 (timeout=100ms)
2020-03-31 23:18:03,951 INFO  org.apache.flink.runtime.resourcemanager.StandaloneResourceManager  - Registering TaskManager with ResourceID c30768ca-16be-4b2e-b69b-c07a3a936eeb (akka://flink/user/taskmanager_0) at ResourceManager
2020-03-31 23:18:03,952 INFO  org.apache.flink.runtime.taskexecutor.TaskExecutor            - Successful registration at resource manager akka://flink/user/resourcemanager_cf1d6721-8fb6-446f-bda0-fa6d9ec6e279 under registration id bfa27d01f3bf3e3528a650bf531c2fd9.
2020-03-31 23:18:03,966 INFO  org.apache.flink.runtime.dispatcher.DispatcherRestEndpoint    - Starting rest endpoint.
2020-03-31 23:18:04,150 WARN  org.apache.flink.runtime.webmonitor.WebMonitorUtils           - Log file environment variable 'log.file' is not set.
2020-03-31 23:18:04,151 WARN  org.apache.flink.runtime.webmonitor.WebMonitorUtils           - JobManager log files are unavailable in the web dashboard. Log file location not found in environment variable 'log.file' or configuration key 'Key: 'web.log.path' , default: null (deprecated keys: [jobmanager.web.log.path])'.
2020-03-31 23:18:06,023 INFO  org.apache.flink.runtime.dispatcher.DispatcherRestEndpoint    - Rest endpoint listening at localhost:12056
2020-03-31 23:18:06,023 INFO  org.apache.flink.runtime.highavailability.nonha.embedded.EmbeddedLeaderService  - Proposing leadership to contender org.apache.flink.runtime.dispatcher.DispatcherRestEndpoint@7ee55e70 @ http://localhost:12056
2020-03-31 23:18:06,023 INFO  org.apache.flink.runtime.dispatcher.DispatcherRestEndpoint    - Web frontend listening at http://localhost:12056.
2020-03-31 23:18:06,023 INFO  org.apache.flink.runtime.dispatcher.DispatcherRestEndpoint    - http://localhost:12056 was granted leadership with leaderSessionID=1d90662b-0f90-4e6c-9e8a-41aadcde839f
2020-03-31 23:18:06,023 INFO  org.apache.flink.runtime.minicluster.MiniCluster              - Starting job dispatcher(s) for JobManger
2020-03-31 23:18:06,023 INFO  org.apache.flink.runtime.highavailability.nonha.embedded.EmbeddedLeaderService  - Received confirmation of leadership for leader http://localhost:12056 , session=1d90662b-0f90-4e6c-9e8a-41aadcde839f
2020-03-31 23:18:06,028 INFO  org.apache.flink.runtime.rpc.akka.AkkaRpcService              - Starting RPC endpoint for org.apache.flink.runtime.dispatcher.StandaloneDispatcher at akka://flink/user/dispatcher5a6e7c4c-ec0f-4083-bc12-4aa47c06f443 .
2020-03-31 23:18:06,036 INFO  org.apache.flink.runtime.highavailability.nonha.embedded.EmbeddedLeaderService  - Proposing leadership to contender org.apache.flink.runtime.dispatcher.StandaloneDispatcher@4e7095ac @ akka://flink/user/dispatcher5a6e7c4c-ec0f-4083-bc12-4aa47c06f443
2020-03-31 23:18:06,036 INFO  org.apache.flink.runtime.minicluster.MiniCluster              - Flink Mini Cluster started successfully
2020-03-31 23:18:06,036 INFO  org.apache.flink.runtime.dispatcher.StandaloneDispatcher      - Dispatcher akka://flink/user/dispatcher5a6e7c4c-ec0f-4083-bc12-4aa47c06f443 was granted leadership with fencing token cef43d8b-d1ad-4e40-89ca-6457cb034348
2020-03-31 23:18:06,038 INFO  org.apache.flink.runtime.dispatcher.StandaloneDispatcher      - Recovering all persisted jobs.
2020-03-31 23:18:06,040 INFO  org.apache.flink.runtime.highavailability.nonha.embedded.EmbeddedLeaderService  - Received confirmation of leadership for leader akka://flink/user/dispatcher5a6e7c4c-ec0f-4083-bc12-4aa47c06f443 , session=cef43d8b-d1ad-4e40-89ca-6457cb034348
2020-03-31 23:18:06,114 INFO  org.apache.flink.runtime.dispatcher.StandaloneDispatcher      - Submitting job f0363f032301db38d2400a4463138e6a (Flink Java Job at Tue Mar 31 23:18:01 CST 2020).
2020-03-31 23:18:06,126 INFO  org.apache.flink.runtime.rpc.akka.AkkaRpcService              - Starting RPC endpoint for org.apache.flink.runtime.jobmaster.JobMaster at akka://flink/user/jobmanager_1 .
2020-03-31 23:18:06,133 INFO  org.apache.flink.runtime.jobmaster.JobMaster                  - Initializing job Flink Java Job at Tue Mar 31 23:18:01 CST 2020 (f0363f032301db38d2400a4463138e6a).
2020-03-31 23:18:06,137 INFO  org.apache.flink.runtime.jobmaster.JobMaster                  - Using restart strategy NoRestartStrategy for Flink Java Job at Tue Mar 31 23:18:01 CST 2020 (f0363f032301db38d2400a4463138e6a).
2020-03-31 23:18:06,141 INFO  org.apache.flink.runtime.rpc.akka.AkkaRpcService              - Starting RPC endpoint for org.apache.flink.runtime.jobmaster.slotpool.SlotPool at akka://flink/user/0e1acb83-bace-4642-a314-175f90b4673d .
2020-03-31 23:18:06,160 INFO  org.apache.flink.runtime.executiongraph.ExecutionGraph        - Job recovers via failover strategy: full graph restart
2020-03-31 23:18:06,177 INFO  org.apache.flink.runtime.jobmaster.JobMaster                  - Running initialization on master for job Flink Java Job at Tue Mar 31 23:18:01 CST 2020 (f0363f032301db38d2400a4463138e6a).
2020-03-31 23:18:06,179 INFO  org.apache.flink.runtime.jobmaster.JobMaster                  - Successfully ran initialization on master in 2 ms.
2020-03-31 23:18:06,189 INFO  org.apache.flink.runtime.highavailability.nonha.embedded.EmbeddedLeaderService  - Proposing leadership to contender org.apache.flink.runtime.jobmaster.JobManagerRunner@1c333d1c @ akka://flink/user/jobmanager_1
2020-03-31 23:18:06,190 INFO  org.apache.flink.runtime.jobmaster.JobManagerRunner           - JobManager runner for job Flink Java Job at Tue Mar 31 23:18:01 CST 2020 (f0363f032301db38d2400a4463138e6a) was granted leadership with session id a4cfce58-76a5-4b5d-bb25-772df33743e4 at akka://flink/user/jobmanager_1.
2020-03-31 23:18:06,191 INFO  org.apache.flink.runtime.jobmaster.JobMaster                  - Starting execution of job Flink Java Job at Tue Mar 31 23:18:01 CST 2020 (f0363f032301db38d2400a4463138e6a)
2020-03-31 23:18:06,192 INFO  org.apache.flink.runtime.executiongraph.ExecutionGraph        - Job Flink Java Job at Tue Mar 31 23:18:01 CST 2020 (f0363f032301db38d2400a4463138e6a) switched from state CREATED to RUNNING.
2020-03-31 23:18:06,194 INFO  org.apache.flink.runtime.executiongraph.ExecutionGraph        - DataSource (at org.apache.flink.api.scala.ExecutionEnvironment.createInput(ExecutionEnvironment.scala:390) (org.apache.flink.api.java.io.jdbc.JDBCInputFormat)) (1/6) (ea860d5cf5475c45ceff809b07c61985) switched from CREATED to SCHEDULED.
2020-03-31 23:18:06,197 INFO  org.apache.flink.runtime.executiongraph.ExecutionGraph        - DataSource (at org.apache.flink.api.scala.ExecutionEnvironment.createInput(ExecutionEnvironment.scala:390) (org.apache.flink.api.java.io.jdbc.JDBCInputFormat)) (2/6) (54bced3ddfa4aaa9d63fee00ab669a10) switched from CREATED to SCHEDULED.
2020-03-31 23:18:06,198 INFO  org.apache.flink.runtime.executiongraph.ExecutionGraph        - DataSource (at org.apache.flink.api.scala.ExecutionEnvironment.createInput(ExecutionEnvironment.scala:390) (org.apache.flink.api.java.io.jdbc.JDBCInputFormat)) (3/6) (4bd33c5763b3dbf8d58b7e59fa3936f8) switched from CREATED to SCHEDULED.
2020-03-31 23:18:06,198 INFO  org.apache.flink.runtime.executiongraph.ExecutionGraph        - DataSource (at org.apache.flink.api.scala.ExecutionEnvironment.createInput(ExecutionEnvironment.scala:390) (org.apache.flink.api.java.io.jdbc.JDBCInputFormat)) (4/6) (2c69d632df0cb608a2dbc1c95e347783) switched from CREATED to SCHEDULED.
2020-03-31 23:18:06,198 INFO  org.apache.flink.runtime.executiongraph.ExecutionGraph        - DataSource (at org.apache.flink.api.scala.ExecutionEnvironment.createInput(ExecutionEnvironment.scala:390) (org.apache.flink.api.java.io.jdbc.JDBCInputFormat)) (5/6) (31df4ee48b8526e4dab01e91a7df684f) switched from CREATED to SCHEDULED.
2020-03-31 23:18:06,198 INFO  org.apache.flink.runtime.executiongraph.ExecutionGraph        - DataSource (at org.apache.flink.api.scala.ExecutionEnvironment.createInput(ExecutionEnvironment.scala:390) (org.apache.flink.api.java.io.jdbc.JDBCInputFormat)) (6/6) (cab4ff80bd72974a1ffcf1a0145571c9) switched from CREATED to SCHEDULED.
2020-03-31 23:18:06,198 INFO  org.apache.flink.runtime.highavailability.nonha.embedded.EmbeddedLeaderService  - Received confirmation of leadership for leader akka://flink/user/jobmanager_1 , session=a4cfce58-76a5-4b5d-bb25-772df33743e4
2020-03-31 23:18:06,199 INFO  org.apache.flink.runtime.jobmaster.JobMaster                  - Connecting to ResourceManager akka://flink/user/resourcemanager_cf1d6721-8fb6-446f-bda0-fa6d9ec6e279(86e086c406169f719254cfaebb9a4bec)
2020-03-31 23:18:06,200 INFO  org.apache.flink.runtime.jobmaster.JobMaster                  - Resolved ResourceManager address, beginning registration
2020-03-31 23:18:06,200 INFO  org.apache.flink.runtime.jobmaster.JobMaster                  - Registration at ResourceManager attempt 1 (timeout=100ms)
2020-03-31 23:18:06,201 INFO  org.apache.flink.runtime.resourcemanager.StandaloneResourceManager  - Registering job manager bb25772df33743e4a4cfce5876a54b5d@akka://flink/user/jobmanager_1 for job f0363f032301db38d2400a4463138e6a.
2020-03-31 23:18:06,202 INFO  org.apache.flink.runtime.jobmaster.slotpool.SlotPool          - Cannot serve slot request, no ResourceManager connected. Adding as pending request [SlotRequestId{cf2af490aec4f6cd78dd212d1faf9ad0}]
2020-03-31 23:18:06,204 INFO  org.apache.flink.runtime.resourcemanager.StandaloneResourceManager  - Registered job manager bb25772df33743e4a4cfce5876a54b5d@akka://flink/user/jobmanager_1 for job f0363f032301db38d2400a4463138e6a.
2020-03-31 23:18:06,205 INFO  org.apache.flink.runtime.jobmaster.slotpool.SlotPool          - Cannot serve slot request, no ResourceManager connected. Adding as pending request [SlotRequestId{a4a0f7634eb84eee3e0612fe2eb509a9}]
2020-03-31 23:18:06,205 INFO  org.apache.flink.runtime.jobmaster.slotpool.SlotPool          - Cannot serve slot request, no ResourceManager connected. Adding as pending request [SlotRequestId{1dee449b409aa239565cf2ffbc9003dd}]
2020-03-31 23:18:06,205 INFO  org.apache.flink.runtime.jobmaster.slotpool.SlotPool          - Cannot serve slot request, no ResourceManager connected. Adding as pending request [SlotRequestId{ab6263676b3abccbf073e12333475f6b}]
2020-03-31 23:18:06,205 INFO  org.apache.flink.runtime.jobmaster.slotpool.SlotPool          - Cannot serve slot request, no ResourceManager connected. Adding as pending request [SlotRequestId{7e4d29344789d5b5908bbf3af0ad5863}]
2020-03-31 23:18:06,205 INFO  org.apache.flink.runtime.jobmaster.slotpool.SlotPool          - Cannot serve slot request, no ResourceManager connected. Adding as pending request [SlotRequestId{6578be35869a797bf2cd09804116bf6c}]
2020-03-31 23:18:06,205 INFO  org.apache.flink.runtime.jobmaster.JobMaster                  - JobManager successfully registered at ResourceManager, leader id: 86e086c406169f719254cfaebb9a4bec.
2020-03-31 23:18:06,206 INFO  org.apache.flink.runtime.jobmaster.slotpool.SlotPool          - Requesting new slot [SlotRequestId{a4a0f7634eb84eee3e0612fe2eb509a9}] and profile ResourceProfile{cpuCores=-1.0, heapMemoryInMB=-1, directMemoryInMB=0, nativeMemoryInMB=0, networkMemoryInMB=0} from resource manager.
2020-03-31 23:18:06,207 INFO  org.apache.flink.runtime.resourcemanager.StandaloneResourceManager  - Request slot with profile ResourceProfile{cpuCores=-1.0, heapMemoryInMB=-1, directMemoryInMB=0, nativeMemoryInMB=0, networkMemoryInMB=0} for job f0363f032301db38d2400a4463138e6a with allocation id AllocationID{282fb1e32fa244964d933f0daf59783f}.
2020-03-31 23:18:06,207 INFO  org.apache.flink.runtime.jobmaster.slotpool.SlotPool          - Requesting new slot [SlotRequestId{1dee449b409aa239565cf2ffbc9003dd}] and profile ResourceProfile{cpuCores=-1.0, heapMemoryInMB=-1, directMemoryInMB=0, nativeMemoryInMB=0, networkMemoryInMB=0} from resource manager.
2020-03-31 23:18:06,207 INFO  org.apache.flink.runtime.jobmaster.slotpool.SlotPool          - Requesting new slot [SlotRequestId{ab6263676b3abccbf073e12333475f6b}] and profile ResourceProfile{cpuCores=-1.0, heapMemoryInMB=-1, directMemoryInMB=0, nativeMemoryInMB=0, networkMemoryInMB=0} from resource manager.
2020-03-31 23:18:06,207 INFO  org.apache.flink.runtime.jobmaster.slotpool.SlotPool          - Requesting new slot [SlotRequestId{7e4d29344789d5b5908bbf3af0ad5863}] and profile ResourceProfile{cpuCores=-1.0, heapMemoryInMB=-1, directMemoryInMB=0, nativeMemoryInMB=0, networkMemoryInMB=0} from resource manager.
2020-03-31 23:18:06,208 INFO  org.apache.flink.runtime.jobmaster.slotpool.SlotPool          - Requesting new slot [SlotRequestId{6578be35869a797bf2cd09804116bf6c}] and profile ResourceProfile{cpuCores=-1.0, heapMemoryInMB=-1, directMemoryInMB=0, nativeMemoryInMB=0, networkMemoryInMB=0} from resource manager.
2020-03-31 23:18:06,208 INFO  org.apache.flink.runtime.taskexecutor.TaskExecutor            - Receive slot request AllocationID{282fb1e32fa244964d933f0daf59783f} for job f0363f032301db38d2400a4463138e6a from resource manager with leader id 86e086c406169f719254cfaebb9a4bec.
2020-03-31 23:18:06,208 INFO  org.apache.flink.runtime.jobmaster.slotpool.SlotPool          - Requesting new slot [SlotRequestId{cf2af490aec4f6cd78dd212d1faf9ad0}] and profile ResourceProfile{cpuCores=-1.0, heapMemoryInMB=-1, directMemoryInMB=0, nativeMemoryInMB=0, networkMemoryInMB=0} from resource manager.
2020-03-31 23:18:06,208 INFO  org.apache.flink.runtime.resourcemanager.StandaloneResourceManager  - Request slot with profile ResourceProfile{cpuCores=-1.0, heapMemoryInMB=-1, directMemoryInMB=0, nativeMemoryInMB=0, networkMemoryInMB=0} for job f0363f032301db38d2400a4463138e6a with allocation id AllocationID{461f3ab41ccf1337456c2407dcd746e3}.
2020-03-31 23:18:06,209 INFO  org.apache.flink.runtime.taskexecutor.TaskExecutor            - Allocated slot for AllocationID{282fb1e32fa244964d933f0daf59783f}.
2020-03-31 23:18:06,209 INFO  org.apache.flink.runtime.taskexecutor.JobLeaderService        - Add job f0363f032301db38d2400a4463138e6a for job leader monitoring.
2020-03-31 23:18:06,209 INFO  org.apache.flink.runtime.resourcemanager.StandaloneResourceManager  - Request slot with profile ResourceProfile{cpuCores=-1.0, heapMemoryInMB=-1, directMemoryInMB=0, nativeMemoryInMB=0, networkMemoryInMB=0} for job f0363f032301db38d2400a4463138e6a with allocation id AllocationID{7f411f7805886df24d8cda662dac4829}.
2020-03-31 23:18:06,209 INFO  org.apache.flink.runtime.resourcemanager.StandaloneResourceManager  - Request slot with profile ResourceProfile{cpuCores=-1.0, heapMemoryInMB=-1, directMemoryInMB=0, nativeMemoryInMB=0, networkMemoryInMB=0} for job f0363f032301db38d2400a4463138e6a with allocation id AllocationID{667c3289c4735b200bcab7a6019b0d7c}.
2020-03-31 23:18:06,209 INFO  org.apache.flink.runtime.resourcemanager.StandaloneResourceManager  - Request slot with profile ResourceProfile{cpuCores=-1.0, heapMemoryInMB=-1, directMemoryInMB=0, nativeMemoryInMB=0, networkMemoryInMB=0} for job f0363f032301db38d2400a4463138e6a with allocation id AllocationID{87b4e272aacb2170dbb1d9eab441f48d}.
2020-03-31 23:18:06,210 INFO  org.apache.flink.runtime.resourcemanager.StandaloneResourceManager  - Request slot with profile ResourceProfile{cpuCores=-1.0, heapMemoryInMB=-1, directMemoryInMB=0, nativeMemoryInMB=0, networkMemoryInMB=0} for job f0363f032301db38d2400a4463138e6a with allocation id AllocationID{3df668680964ae1f82ba6421d4fe1aae}.
2020-03-31 23:18:06,210 INFO  org.apache.flink.runtime.taskexecutor.TaskExecutor            - Receive slot request AllocationID{461f3ab41ccf1337456c2407dcd746e3} for job f0363f032301db38d2400a4463138e6a from resource manager with leader id 86e086c406169f719254cfaebb9a4bec.
2020-03-31 23:18:06,210 INFO  org.apache.flink.runtime.taskexecutor.TaskExecutor            - Allocated slot for AllocationID{461f3ab41ccf1337456c2407dcd746e3}.
2020-03-31 23:18:06,210 INFO  org.apache.flink.runtime.taskexecutor.JobLeaderService        - Add job f0363f032301db38d2400a4463138e6a for job leader monitoring.
2020-03-31 23:18:06,210 INFO  org.apache.flink.runtime.taskexecutor.TaskExecutor            - Receive slot request AllocationID{7f411f7805886df24d8cda662dac4829} for job f0363f032301db38d2400a4463138e6a from resource manager with leader id 86e086c406169f719254cfaebb9a4bec.
2020-03-31 23:18:06,210 INFO  org.apache.flink.runtime.taskexecutor.TaskExecutor            - Allocated slot for AllocationID{7f411f7805886df24d8cda662dac4829}.
2020-03-31 23:18:06,210 INFO  org.apache.flink.runtime.taskexecutor.JobLeaderService        - Add job f0363f032301db38d2400a4463138e6a for job leader monitoring.
2020-03-31 23:18:06,210 INFO  org.apache.flink.runtime.taskexecutor.JobLeaderService        - Try to register at job manager akka://flink/user/jobmanager_1 with leader id a4cfce58-76a5-4b5d-bb25-772df33743e4.
2020-03-31 23:18:06,210 INFO  org.apache.flink.runtime.taskexecutor.TaskExecutor            - Receive slot request AllocationID{667c3289c4735b200bcab7a6019b0d7c} for job f0363f032301db38d2400a4463138e6a from resource manager with leader id 86e086c406169f719254cfaebb9a4bec.
2020-03-31 23:18:06,210 INFO  org.apache.flink.runtime.taskexecutor.TaskExecutor            - Allocated slot for AllocationID{667c3289c4735b200bcab7a6019b0d7c}.
2020-03-31 23:18:06,210 INFO  org.apache.flink.runtime.taskexecutor.JobLeaderService        - Add job f0363f032301db38d2400a4463138e6a for job leader monitoring.
2020-03-31 23:18:06,210 INFO  org.apache.flink.runtime.taskexecutor.JobLeaderService        - Try to register at job manager akka://flink/user/jobmanager_1 with leader id a4cfce58-76a5-4b5d-bb25-772df33743e4.
2020-03-31 23:18:06,210 INFO  org.apache.flink.runtime.taskexecutor.TaskExecutor            - Receive slot request AllocationID{87b4e272aacb2170dbb1d9eab441f48d} for job f0363f032301db38d2400a4463138e6a from resource manager with leader id 86e086c406169f719254cfaebb9a4bec.
2020-03-31 23:18:06,210 INFO  org.apache.flink.runtime.taskexecutor.JobLeaderService        - Try to register at job manager akka://flink/user/jobmanager_1 with leader id a4cfce58-76a5-4b5d-bb25-772df33743e4.
2020-03-31 23:18:06,211 INFO  org.apache.flink.runtime.taskexecutor.TaskExecutor            - Allocated slot for AllocationID{87b4e272aacb2170dbb1d9eab441f48d}.
2020-03-31 23:18:06,211 INFO  org.apache.flink.runtime.taskexecutor.JobLeaderService        - Add job f0363f032301db38d2400a4463138e6a for job leader monitoring.
2020-03-31 23:18:06,211 WARN  org.apache.flink.runtime.highavailability.nonha.embedded.EmbeddedLeaderService  - Error notifying leader listener about new leader
java.lang.IllegalStateException: The RPC connection is already closed
	at org.apache.flink.util.Preconditions.checkState(Preconditions.java:195)
	at org.apache.flink.runtime.registration.RegisteredRpcConnection.start(RegisteredRpcConnection.java:91)
	at org.apache.flink.runtime.taskexecutor.JobLeaderService$JobManagerLeaderListener.notifyLeaderAddress(JobLeaderService.java:327)
	at org.apache.flink.runtime.highavailability.nonha.embedded.EmbeddedLeaderService$NotifyOfLeaderCall.run(EmbeddedLeaderService.java:430)
	at akka.dispatch.TaskInvocation.run(AbstractDispatcher.scala:39)
	at akka.dispatch.ForkJoinExecutorConfigurator$AkkaForkJoinTask.exec(AbstractDispatcher.scala:415)
	at scala.concurrent.forkjoin.ForkJoinTask.doExec(ForkJoinTask.java:260)
	at scala.concurrent.forkjoin.ForkJoinPool$WorkQueue.runTask(ForkJoinPool.java:1339)
	at scala.concurrent.forkjoin.ForkJoinPool.runWorker(ForkJoinPool.java:1979)
	at scala.concurrent.forkjoin.ForkJoinWorkerThread.run(ForkJoinWorkerThread.java:107)
2020-03-31 23:18:06,211 WARN  org.apache.flink.runtime.highavailability.nonha.embedded.EmbeddedLeaderService  - Error notifying leader listener about new leader
java.lang.IllegalStateException: The RPC connection is already closed
	at org.apache.flink.util.Preconditions.checkState(Preconditions.java:195)
	at org.apache.flink.runtime.registration.RegisteredRpcConnection.start(RegisteredRpcConnection.java:91)
	at org.apache.flink.runtime.taskexecutor.JobLeaderService$JobManagerLeaderListener.notifyLeaderAddress(JobLeaderService.java:327)
	at org.apache.flink.runtime.highavailability.nonha.embedded.EmbeddedLeaderService$NotifyOfLeaderCall.run(EmbeddedLeaderService.java:430)
	at akka.dispatch.TaskInvocation.run(AbstractDispatcher.scala:39)
	at akka.dispatch.ForkJoinExecutorConfigurator$AkkaForkJoinTask.exec(AbstractDispatcher.scala:415)
	at scala.concurrent.forkjoin.ForkJoinTask.doExec(ForkJoinTask.java:260)
	at scala.concurrent.forkjoin.ForkJoinPool$WorkQueue.runTask(ForkJoinPool.java:1339)
	at scala.concurrent.forkjoin.ForkJoinPool.runWorker(ForkJoinPool.java:1979)
	at scala.concurrent.forkjoin.ForkJoinWorkerThread.run(ForkJoinWorkerThread.java:107)
2020-03-31 23:18:06,213 INFO  org.apache.flink.runtime.taskexecutor.JobLeaderService        - Try to register at job manager akka://flink/user/jobmanager_1 with leader id a4cfce58-76a5-4b5d-bb25-772df33743e4.
2020-03-31 23:18:06,211 INFO  org.apache.flink.runtime.taskexecutor.JobLeaderService        - Resolved JobManager address, beginning registration
2020-03-31 23:18:06,211 INFO  org.apache.flink.runtime.taskexecutor.TaskExecutor            - Receive slot request AllocationID{3df668680964ae1f82ba6421d4fe1aae} for job f0363f032301db38d2400a4463138e6a from resource manager with leader id 86e086c406169f719254cfaebb9a4bec.
2020-03-31 23:18:06,213 INFO  org.apache.flink.runtime.taskexecutor.TaskExecutor            - Allocated slot for AllocationID{3df668680964ae1f82ba6421d4fe1aae}.
2020-03-31 23:18:06,213 INFO  org.apache.flink.runtime.taskexecutor.JobLeaderService        - Add job f0363f032301db38d2400a4463138e6a for job leader monitoring.
2020-03-31 23:18:06,213 INFO  org.apache.flink.runtime.taskexecutor.JobLeaderService        - Resolved JobManager address, beginning registration
2020-03-31 23:18:06,213 INFO  org.apache.flink.runtime.taskexecutor.JobLeaderService        - Try to register at job manager akka://flink/user/jobmanager_1 with leader id a4cfce58-76a5-4b5d-bb25-772df33743e4.
2020-03-31 23:18:06,214 INFO  org.apache.flink.runtime.taskexecutor.JobLeaderService        - Resolved JobManager address, beginning registration
2020-03-31 23:18:06,214 INFO  org.apache.flink.runtime.taskexecutor.JobLeaderService        - Registration at JobManager attempt 1 (timeout=100ms)
2020-03-31 23:18:06,215 INFO  org.apache.flink.runtime.taskexecutor.JobLeaderService        - Successful registration at job manager akka://flink/user/jobmanager_1 for job f0363f032301db38d2400a4463138e6a.
2020-03-31 23:18:06,215 INFO  org.apache.flink.runtime.taskexecutor.TaskExecutor            - Establish JobManager connection for job f0363f032301db38d2400a4463138e6a.
2020-03-31 23:18:06,217 INFO  org.apache.flink.runtime.taskexecutor.TaskExecutor            - Offer reserved slots to the leader of job f0363f032301db38d2400a4463138e6a.
2020-03-31 23:18:06,220 INFO  org.apache.flink.runtime.executiongraph.ExecutionGraph        - DataSource (at org.apache.flink.api.scala.ExecutionEnvironment.createInput(ExecutionEnvironment.scala:390) (org.apache.flink.api.java.io.jdbc.JDBCInputFormat)) (2/6) (54bced3ddfa4aaa9d63fee00ab669a10) switched from SCHEDULED to DEPLOYING.
2020-03-31 23:18:06,220 INFO  org.apache.flink.runtime.executiongraph.ExecutionGraph        - Deploying DataSource (at org.apache.flink.api.scala.ExecutionEnvironment.createInput(ExecutionEnvironment.scala:390) (org.apache.flink.api.java.io.jdbc.JDBCInputFormat)) (2/6) (attempt #0) to www
2020-03-31 23:18:06,220 INFO  org.apache.flink.runtime.executiongraph.ExecutionGraph        - DataSource (at org.apache.flink.api.scala.ExecutionEnvironment.createInput(ExecutionEnvironment.scala:390) (org.apache.flink.api.java.io.jdbc.JDBCInputFormat)) (6/6) (cab4ff80bd72974a1ffcf1a0145571c9) switched from SCHEDULED to DEPLOYING.
2020-03-31 23:18:06,220 INFO  org.apache.flink.runtime.executiongraph.ExecutionGraph        - DataSource (at org.apache.flink.api.scala.ExecutionEnvironment.createInput(ExecutionEnvironment.scala:390) (org.apache.flink.api.java.io.jdbc.JDBCInputFormat)) (3/6) (4bd33c5763b3dbf8d58b7e59fa3936f8) switched from SCHEDULED to DEPLOYING.
2020-03-31 23:18:06,221 INFO  org.apache.flink.runtime.executiongraph.ExecutionGraph        - Deploying DataSource (at org.apache.flink.api.scala.ExecutionEnvironment.createInput(ExecutionEnvironment.scala:390) (org.apache.flink.api.java.io.jdbc.JDBCInputFormat)) (6/6) (attempt #0) to www
2020-03-31 23:18:06,221 INFO  org.apache.flink.runtime.executiongraph.ExecutionGraph        - Deploying DataSource (at org.apache.flink.api.scala.ExecutionEnvironment.createInput(ExecutionEnvironment.scala:390) (org.apache.flink.api.java.io.jdbc.JDBCInputFormat)) (3/6) (attempt #0) to www
2020-03-31 23:18:06,223 INFO  org.apache.flink.runtime.executiongraph.ExecutionGraph        - DataSource (at org.apache.flink.api.scala.ExecutionEnvironment.createInput(ExecutionEnvironment.scala:390) (org.apache.flink.api.java.io.jdbc.JDBCInputFormat)) (4/6) (2c69d632df0cb608a2dbc1c95e347783) switched from SCHEDULED to DEPLOYING.
2020-03-31 23:18:06,223 INFO  org.apache.flink.runtime.executiongraph.ExecutionGraph        - Deploying DataSource (at org.apache.flink.api.scala.ExecutionEnvironment.createInput(ExecutionEnvironment.scala:390) (org.apache.flink.api.java.io.jdbc.JDBCInputFormat)) (4/6) (attempt #0) to www
2020-03-31 23:18:06,223 INFO  org.apache.flink.runtime.executiongraph.ExecutionGraph        - DataSource (at org.apache.flink.api.scala.ExecutionEnvironment.createInput(ExecutionEnvironment.scala:390) (org.apache.flink.api.java.io.jdbc.JDBCInputFormat)) (1/6) (ea860d5cf5475c45ceff809b07c61985) switched from SCHEDULED to DEPLOYING.
2020-03-31 23:18:06,223 INFO  org.apache.flink.runtime.executiongraph.ExecutionGraph        - DataSource (at org.apache.flink.api.scala.ExecutionEnvironment.createInput(ExecutionEnvironment.scala:390) (org.apache.flink.api.java.io.jdbc.JDBCInputFormat)) (5/6) (31df4ee48b8526e4dab01e91a7df684f) switched from SCHEDULED to DEPLOYING.
2020-03-31 23:18:06,224 INFO  org.apache.flink.runtime.executiongraph.ExecutionGraph        - Deploying DataSource (at org.apache.flink.api.scala.ExecutionEnvironment.createInput(ExecutionEnvironment.scala:390) (org.apache.flink.api.java.io.jdbc.JDBCInputFormat)) (1/6) (attempt #0) to www
2020-03-31 23:18:06,224 INFO  org.apache.flink.runtime.executiongraph.ExecutionGraph        - Deploying DataSource (at org.apache.flink.api.scala.ExecutionEnvironment.createInput(ExecutionEnvironment.scala:390) (org.apache.flink.api.java.io.jdbc.JDBCInputFormat)) (5/6) (attempt #0) to www
2020-03-31 23:18:06,237 INFO  org.apache.flink.runtime.taskexecutor.TaskExecutor            - Received task DataSource (at org.apache.flink.api.scala.ExecutionEnvironment.createInput(ExecutionEnvironment.scala:390) (org.apache.flink.api.java.io.jdbc.JDBCInputFormat)) (2/6).
2020-03-31 23:18:06,238 INFO  org.apache.flink.runtime.taskmanager.Task                     - DataSource (at org.apache.flink.api.scala.ExecutionEnvironment.createInput(ExecutionEnvironment.scala:390) (org.apache.flink.api.java.io.jdbc.JDBCInputFormat)) (2/6) (54bced3ddfa4aaa9d63fee00ab669a10) switched from CREATED to DEPLOYING.
2020-03-31 23:18:06,238 INFO  org.apache.flink.runtime.taskmanager.Task                     - Creating FileSystem stream leak safety net for task DataSource (at org.apache.flink.api.scala.ExecutionEnvironment.createInput(ExecutionEnvironment.scala:390) (org.apache.flink.api.java.io.jdbc.JDBCInputFormat)) (2/6) (54bced3ddfa4aaa9d63fee00ab669a10) [DEPLOYING]
2020-03-31 23:18:06,239 INFO  org.apache.flink.runtime.taskexecutor.TaskExecutor            - Received task DataSource (at org.apache.flink.api.scala.ExecutionEnvironment.createInput(ExecutionEnvironment.scala:390) (org.apache.flink.api.java.io.jdbc.JDBCInputFormat)) (4/6).
2020-03-31 23:18:06,240 INFO  org.apache.flink.runtime.taskmanager.Task                     - DataSource (at org.apache.flink.api.scala.ExecutionEnvironment.createInput(ExecutionEnvironment.scala:390) (org.apache.flink.api.java.io.jdbc.JDBCInputFormat)) (4/6) (2c69d632df0cb608a2dbc1c95e347783) switched from CREATED to DEPLOYING.
2020-03-31 23:18:06,240 INFO  org.apache.flink.runtime.taskmanager.Task                     - Creating FileSystem stream leak safety net for task DataSource (at org.apache.flink.api.scala.ExecutionEnvironment.createInput(ExecutionEnvironment.scala:390) (org.apache.flink.api.java.io.jdbc.JDBCInputFormat)) (4/6) (2c69d632df0cb608a2dbc1c95e347783) [DEPLOYING]
2020-03-31 23:18:06,242 INFO  org.apache.flink.runtime.taskmanager.Task                     - Loading JAR files for task DataSource (at org.apache.flink.api.scala.ExecutionEnvironment.createInput(ExecutionEnvironment.scala:390) (org.apache.flink.api.java.io.jdbc.JDBCInputFormat)) (2/6) (54bced3ddfa4aaa9d63fee00ab669a10) [DEPLOYING].
2020-03-31 23:18:06,242 INFO  org.apache.flink.runtime.taskmanager.Task                     - Loading JAR files for task DataSource (at org.apache.flink.api.scala.ExecutionEnvironment.createInput(ExecutionEnvironment.scala:390) (org.apache.flink.api.java.io.jdbc.JDBCInputFormat)) (4/6) (2c69d632df0cb608a2dbc1c95e347783) [DEPLOYING].
2020-03-31 23:18:06,242 INFO  org.apache.flink.runtime.taskexecutor.TaskExecutor            - Received task DataSource (at org.apache.flink.api.scala.ExecutionEnvironment.createInput(ExecutionEnvironment.scala:390) (org.apache.flink.api.java.io.jdbc.JDBCInputFormat)) (6/6).
2020-03-31 23:18:06,243 INFO  org.apache.flink.runtime.taskmanager.Task                     - DataSource (at org.apache.flink.api.scala.ExecutionEnvironment.createInput(ExecutionEnvironment.scala:390) (org.apache.flink.api.java.io.jdbc.JDBCInputFormat)) (6/6) (cab4ff80bd72974a1ffcf1a0145571c9) switched from CREATED to DEPLOYING.
2020-03-31 23:18:06,243 INFO  org.apache.flink.runtime.taskmanager.Task                     - Creating FileSystem stream leak safety net for task DataSource (at org.apache.flink.api.scala.ExecutionEnvironment.createInput(ExecutionEnvironment.scala:390) (org.apache.flink.api.java.io.jdbc.JDBCInputFormat)) (6/6) (cab4ff80bd72974a1ffcf1a0145571c9) [DEPLOYING]
2020-03-31 23:18:06,243 INFO  org.apache.flink.runtime.taskmanager.Task                     - Loading JAR files for task DataSource (at org.apache.flink.api.scala.ExecutionEnvironment.createInput(ExecutionEnvironment.scala:390) (org.apache.flink.api.java.io.jdbc.JDBCInputFormat)) (6/6) (cab4ff80bd72974a1ffcf1a0145571c9) [DEPLOYING].
2020-03-31 23:18:06,244 INFO  org.apache.flink.runtime.taskmanager.Task                     - Registering task at network: DataSource (at org.apache.flink.api.scala.ExecutionEnvironment.createInput(ExecutionEnvironment.scala:390) (org.apache.flink.api.java.io.jdbc.JDBCInputFormat)) (2/6) (54bced3ddfa4aaa9d63fee00ab669a10) [DEPLOYING].
2020-03-31 23:18:06,244 INFO  org.apache.flink.runtime.taskmanager.Task                     - Registering task at network: DataSource (at org.apache.flink.api.scala.ExecutionEnvironment.createInput(ExecutionEnvironment.scala:390) (org.apache.flink.api.java.io.jdbc.JDBCInputFormat)) (4/6) (2c69d632df0cb608a2dbc1c95e347783) [DEPLOYING].
2020-03-31 23:18:06,244 INFO  org.apache.flink.runtime.taskmanager.Task                     - Registering task at network: DataSource (at org.apache.flink.api.scala.ExecutionEnvironment.createInput(ExecutionEnvironment.scala:390) (org.apache.flink.api.java.io.jdbc.JDBCInputFormat)) (6/6) (cab4ff80bd72974a1ffcf1a0145571c9) [DEPLOYING].
2020-03-31 23:18:06,245 INFO  org.apache.flink.runtime.taskexecutor.TaskExecutor            - Received task DataSource (at org.apache.flink.api.scala.ExecutionEnvironment.createInput(ExecutionEnvironment.scala:390) (org.apache.flink.api.java.io.jdbc.JDBCInputFormat)) (3/6).
2020-03-31 23:18:06,245 INFO  org.apache.flink.runtime.taskexecutor.slot.TaskSlotTable      - Activate slot AllocationID{282fb1e32fa244964d933f0daf59783f}.
2020-03-31 23:18:06,245 INFO  org.apache.flink.runtime.taskmanager.Task                     - DataSource (at org.apache.flink.api.scala.ExecutionEnvironment.createInput(ExecutionEnvironment.scala:390) (org.apache.flink.api.java.io.jdbc.JDBCInputFormat)) (3/6) (4bd33c5763b3dbf8d58b7e59fa3936f8) switched from CREATED to DEPLOYING.
2020-03-31 23:18:06,245 INFO  org.apache.flink.runtime.taskexecutor.slot.TaskSlotTable      - Activate slot AllocationID{87b4e272aacb2170dbb1d9eab441f48d}.
2020-03-31 23:18:06,246 INFO  org.apache.flink.runtime.taskexecutor.slot.TaskSlotTable      - Activate slot AllocationID{461f3ab41ccf1337456c2407dcd746e3}.
2020-03-31 23:18:06,246 INFO  org.apache.flink.runtime.taskexecutor.slot.TaskSlotTable      - Activate slot AllocationID{7f411f7805886df24d8cda662dac4829}.
2020-03-31 23:18:06,246 INFO  org.apache.flink.runtime.taskmanager.Task                     - Creating FileSystem stream leak safety net for task DataSource (at org.apache.flink.api.scala.ExecutionEnvironment.createInput(ExecutionEnvironment.scala:390) (org.apache.flink.api.java.io.jdbc.JDBCInputFormat)) (3/6) (4bd33c5763b3dbf8d58b7e59fa3936f8) [DEPLOYING]
2020-03-31 23:18:06,246 INFO  org.apache.flink.runtime.taskexecutor.slot.TaskSlotTable      - Activate slot AllocationID{667c3289c4735b200bcab7a6019b0d7c}.
2020-03-31 23:18:06,246 INFO  org.apache.flink.runtime.taskmanager.Task                     - Loading JAR files for task DataSource (at org.apache.flink.api.scala.ExecutionEnvironment.createInput(ExecutionEnvironment.scala:390) (org.apache.flink.api.java.io.jdbc.JDBCInputFormat)) (3/6) (4bd33c5763b3dbf8d58b7e59fa3936f8) [DEPLOYING].
2020-03-31 23:18:06,247 INFO  org.apache.flink.runtime.taskexecutor.slot.TaskSlotTable      - Activate slot AllocationID{3df668680964ae1f82ba6421d4fe1aae}.
2020-03-31 23:18:06,247 INFO  org.apache.flink.runtime.taskmanager.Task                     - Registering task at network: DataSource (at org.apache.flink.api.scala.ExecutionEnvironment.createInput(ExecutionEnvironment.scala:390) (org.apache.flink.api.java.io.jdbc.JDBCInputFormat)) (3/6) (4bd33c5763b3dbf8d58b7e59fa3936f8) [DEPLOYING].
2020-03-31 23:18:06,249 INFO  org.apache.flink.runtime.taskexecutor.TaskExecutor            - Received task DataSource (at org.apache.flink.api.scala.ExecutionEnvironment.createInput(ExecutionEnvironment.scala:390) (org.apache.flink.api.java.io.jdbc.JDBCInputFormat)) (1/6).
2020-03-31 23:18:06,249 INFO  org.apache.flink.runtime.taskmanager.Task                     - DataSource (at org.apache.flink.api.scala.ExecutionEnvironment.createInput(ExecutionEnvironment.scala:390) (org.apache.flink.api.java.io.jdbc.JDBCInputFormat)) (1/6) (ea860d5cf5475c45ceff809b07c61985) switched from CREATED to DEPLOYING.
2020-03-31 23:18:06,249 INFO  org.apache.flink.runtime.taskmanager.Task                     - Creating FileSystem stream leak safety net for task DataSource (at org.apache.flink.api.scala.ExecutionEnvironment.createInput(ExecutionEnvironment.scala:390) (org.apache.flink.api.java.io.jdbc.JDBCInputFormat)) (1/6) (ea860d5cf5475c45ceff809b07c61985) [DEPLOYING]
2020-03-31 23:18:06,250 INFO  org.apache.flink.runtime.taskmanager.Task                     - Loading JAR files for task DataSource (at org.apache.flink.api.scala.ExecutionEnvironment.createInput(ExecutionEnvironment.scala:390) (org.apache.flink.api.java.io.jdbc.JDBCInputFormat)) (1/6) (ea860d5cf5475c45ceff809b07c61985) [DEPLOYING].
2020-03-31 23:18:06,250 INFO  org.apache.flink.runtime.taskmanager.Task                     - Registering task at network: DataSource (at org.apache.flink.api.scala.ExecutionEnvironment.createInput(ExecutionEnvironment.scala:390) (org.apache.flink.api.java.io.jdbc.JDBCInputFormat)) (1/6) (ea860d5cf5475c45ceff809b07c61985) [DEPLOYING].
2020-03-31 23:18:06,251 INFO  org.apache.flink.runtime.taskexecutor.TaskExecutor            - Received task DataSource (at org.apache.flink.api.scala.ExecutionEnvironment.createInput(ExecutionEnvironment.scala:390) (org.apache.flink.api.java.io.jdbc.JDBCInputFormat)) (5/6).
2020-03-31 23:18:06,251 INFO  org.apache.flink.runtime.taskmanager.Task                     - DataSource (at org.apache.flink.api.scala.ExecutionEnvironment.createInput(ExecutionEnvironment.scala:390) (org.apache.flink.api.java.io.jdbc.JDBCInputFormat)) (5/6) (31df4ee48b8526e4dab01e91a7df684f) switched from CREATED to DEPLOYING.
2020-03-31 23:18:06,252 INFO  org.apache.flink.runtime.taskmanager.Task                     - Creating FileSystem stream leak safety net for task DataSource (at org.apache.flink.api.scala.ExecutionEnvironment.createInput(ExecutionEnvironment.scala:390) (org.apache.flink.api.java.io.jdbc.JDBCInputFormat)) (5/6) (31df4ee48b8526e4dab01e91a7df684f) [DEPLOYING]
2020-03-31 23:18:06,252 INFO  org.apache.flink.runtime.taskmanager.Task                     - Loading JAR files for task DataSource (at org.apache.flink.api.scala.ExecutionEnvironment.createInput(ExecutionEnvironment.scala:390) (org.apache.flink.api.java.io.jdbc.JDBCInputFormat)) (5/6) (31df4ee48b8526e4dab01e91a7df684f) [DEPLOYING].
2020-03-31 23:18:06,252 INFO  org.apache.flink.runtime.taskmanager.Task                     - Registering task at network: DataSource (at org.apache.flink.api.scala.ExecutionEnvironment.createInput(ExecutionEnvironment.scala:390) (org.apache.flink.api.java.io.jdbc.JDBCInputFormat)) (5/6) (31df4ee48b8526e4dab01e91a7df684f) [DEPLOYING].
2020-03-31 23:18:06,264 INFO  org.apache.flink.runtime.taskmanager.Task                     - DataSource (at org.apache.flink.api.scala.ExecutionEnvironment.createInput(ExecutionEnvironment.scala:390) (org.apache.flink.api.java.io.jdbc.JDBCInputFormat)) (5/6) (31df4ee48b8526e4dab01e91a7df684f) switched from DEPLOYING to RUNNING.
2020-03-31 23:18:06,264 INFO  org.apache.flink.runtime.taskmanager.Task                     - DataSource (at org.apache.flink.api.scala.ExecutionEnvironment.createInput(ExecutionEnvironment.scala:390) (org.apache.flink.api.java.io.jdbc.JDBCInputFormat)) (4/6) (2c69d632df0cb608a2dbc1c95e347783) switched from DEPLOYING to RUNNING.
2020-03-31 23:18:06,264 INFO  org.apache.flink.runtime.taskmanager.Task                     - DataSource (at org.apache.flink.api.scala.ExecutionEnvironment.createInput(ExecutionEnvironment.scala:390) (org.apache.flink.api.java.io.jdbc.JDBCInputFormat)) (6/6) (cab4ff80bd72974a1ffcf1a0145571c9) switched from DEPLOYING to RUNNING.
2020-03-31 23:18:06,264 INFO  org.apache.flink.runtime.taskmanager.Task                     - DataSource (at org.apache.flink.api.scala.ExecutionEnvironment.createInput(ExecutionEnvironment.scala:390) (org.apache.flink.api.java.io.jdbc.JDBCInputFormat)) (1/6) (ea860d5cf5475c45ceff809b07c61985) switched from DEPLOYING to RUNNING.
2020-03-31 23:18:06,264 INFO  org.apache.flink.runtime.executiongraph.ExecutionGraph        - DataSource (at org.apache.flink.api.scala.ExecutionEnvironment.createInput(ExecutionEnvironment.scala:390) (org.apache.flink.api.java.io.jdbc.JDBCInputFormat)) (5/6) (31df4ee48b8526e4dab01e91a7df684f) switched from DEPLOYING to RUNNING.
2020-03-31 23:18:06,264 INFO  org.apache.flink.runtime.taskmanager.Task                     - DataSource (at org.apache.flink.api.scala.ExecutionEnvironment.createInput(ExecutionEnvironment.scala:390) (org.apache.flink.api.java.io.jdbc.JDBCInputFormat)) (2/6) (54bced3ddfa4aaa9d63fee00ab669a10) switched from DEPLOYING to RUNNING.
2020-03-31 23:18:06,265 INFO  org.apache.flink.runtime.executiongraph.ExecutionGraph        - DataSource (at org.apache.flink.api.scala.ExecutionEnvironment.createInput(ExecutionEnvironment.scala:390) (org.apache.flink.api.java.io.jdbc.JDBCInputFormat)) (4/6) (2c69d632df0cb608a2dbc1c95e347783) switched from DEPLOYING to RUNNING.
2020-03-31 23:18:06,265 INFO  org.apache.flink.runtime.executiongraph.ExecutionGraph        - DataSource (at org.apache.flink.api.scala.ExecutionEnvironment.createInput(ExecutionEnvironment.scala:390) (org.apache.flink.api.java.io.jdbc.JDBCInputFormat)) (6/6) (cab4ff80bd72974a1ffcf1a0145571c9) switched from DEPLOYING to RUNNING.
2020-03-31 23:18:06,265 INFO  org.apache.flink.runtime.executiongraph.ExecutionGraph        - DataSource (at org.apache.flink.api.scala.ExecutionEnvironment.createInput(ExecutionEnvironment.scala:390) (org.apache.flink.api.java.io.jdbc.JDBCInputFormat)) (1/6) (ea860d5cf5475c45ceff809b07c61985) switched from DEPLOYING to RUNNING.
2020-03-31 23:18:06,265 INFO  org.apache.flink.runtime.executiongraph.ExecutionGraph        - DataSource (at org.apache.flink.api.scala.ExecutionEnvironment.createInput(ExecutionEnvironment.scala:390) (org.apache.flink.api.java.io.jdbc.JDBCInputFormat)) (2/6) (54bced3ddfa4aaa9d63fee00ab669a10) switched from DEPLOYING to RUNNING.
2020-03-31 23:18:06,264 INFO  org.apache.flink.runtime.taskmanager.Task                     - DataSource (at org.apache.flink.api.scala.ExecutionEnvironment.createInput(ExecutionEnvironment.scala:390) (org.apache.flink.api.java.io.jdbc.JDBCInputFormat)) (3/6) (4bd33c5763b3dbf8d58b7e59fa3936f8) switched from DEPLOYING to RUNNING.
2020-03-31 23:18:06,266 INFO  org.apache.flink.runtime.executiongraph.ExecutionGraph        - DataSource (at org.apache.flink.api.scala.ExecutionEnvironment.createInput(ExecutionEnvironment.scala:390) (org.apache.flink.api.java.io.jdbc.JDBCInputFormat)) (3/6) (4bd33c5763b3dbf8d58b7e59fa3936f8) switched from DEPLOYING to RUNNING.
2020-03-31 23:18:06,277 WARN  org.apache.flink.metrics.MetricGroup                          - The operator name DataSource (at org.apache.flink.api.scala.ExecutionEnvironment.createInput(ExecutionEnvironment.scala:390) (org.apache.flink.api.java.io.jdbc.JDBCInputFormat)) exceeded the 80 characters length limit and was truncated.
2020-03-31 23:18:06,277 WARN  org.apache.flink.metrics.MetricGroup                          - The operator name DataSource (at org.apache.flink.api.scala.ExecutionEnvironment.createInput(ExecutionEnvironment.scala:390) (org.apache.flink.api.java.io.jdbc.JDBCInputFormat)) exceeded the 80 characters length limit and was truncated.
2020-03-31 23:18:06,277 WARN  org.apache.flink.metrics.MetricGroup                          - The operator name DataSource (at org.apache.flink.api.scala.ExecutionEnvironment.createInput(ExecutionEnvironment.scala:390) (org.apache.flink.api.java.io.jdbc.JDBCInputFormat)) exceeded the 80 characters length limit and was truncated.
2020-03-31 23:18:06,277 WARN  org.apache.flink.metrics.MetricGroup                          - The operator name DataSource (at org.apache.flink.api.scala.ExecutionEnvironment.createInput(ExecutionEnvironment.scala:390) (org.apache.flink.api.java.io.jdbc.JDBCInputFormat)) exceeded the 80 characters length limit and was truncated.
2020-03-31 23:18:06,277 WARN  org.apache.flink.metrics.MetricGroup                          - The operator name DataSource (at org.apache.flink.api.scala.ExecutionEnvironment.createInput(ExecutionEnvironment.scala:390) (org.apache.flink.api.java.io.jdbc.JDBCInputFormat)) exceeded the 80 characters length limit and was truncated.
2020-03-31 23:18:06,277 WARN  org.apache.flink.metrics.MetricGroup                          - The operator name DataSource (at org.apache.flink.api.scala.ExecutionEnvironment.createInput(ExecutionEnvironment.scala:390) (org.apache.flink.api.java.io.jdbc.JDBCInputFormat)) exceeded the 80 characters length limit and was truncated.
2020-03-31 23:18:06,510 INFO  org.apache.flink.runtime.taskmanager.Task                     - DataSource (at org.apache.flink.api.scala.ExecutionEnvironment.createInput(ExecutionEnvironment.scala:390) (org.apache.flink.api.java.io.jdbc.JDBCInputFormat)) (4/6) (2c69d632df0cb608a2dbc1c95e347783) switched from RUNNING to FINISHED.
2020-03-31 23:18:06,510 INFO  org.apache.flink.runtime.taskmanager.Task                     - DataSource (at org.apache.flink.api.scala.ExecutionEnvironment.createInput(ExecutionEnvironment.scala:390) (org.apache.flink.api.java.io.jdbc.JDBCInputFormat)) (1/6) (ea860d5cf5475c45ceff809b07c61985) switched from RUNNING to FINISHED.
2020-03-31 23:18:06,510 INFO  org.apache.flink.runtime.taskmanager.Task                     - Freeing task resources for DataSource (at org.apache.flink.api.scala.ExecutionEnvironment.createInput(ExecutionEnvironment.scala:390) (org.apache.flink.api.java.io.jdbc.JDBCInputFormat)) (1/6) (ea860d5cf5475c45ceff809b07c61985).
2020-03-31 23:18:06,510 INFO  org.apache.flink.runtime.taskmanager.Task                     - DataSource (at org.apache.flink.api.scala.ExecutionEnvironment.createInput(ExecutionEnvironment.scala:390) (org.apache.flink.api.java.io.jdbc.JDBCInputFormat)) (2/6) (54bced3ddfa4aaa9d63fee00ab669a10) switched from RUNNING to FINISHED.
2020-03-31 23:18:06,510 INFO  org.apache.flink.runtime.taskmanager.Task                     - Freeing task resources for DataSource (at org.apache.flink.api.scala.ExecutionEnvironment.createInput(ExecutionEnvironment.scala:390) (org.apache.flink.api.java.io.jdbc.JDBCInputFormat)) (2/6) (54bced3ddfa4aaa9d63fee00ab669a10).
2020-03-31 23:18:06,510 INFO  org.apache.flink.runtime.taskmanager.Task                     - DataSource (at org.apache.flink.api.scala.ExecutionEnvironment.createInput(ExecutionEnvironment.scala:390) (org.apache.flink.api.java.io.jdbc.JDBCInputFormat)) (3/6) (4bd33c5763b3dbf8d58b7e59fa3936f8) switched from RUNNING to FINISHED.
2020-03-31 23:18:06,511 INFO  org.apache.flink.runtime.taskmanager.Task                     - Freeing task resources for DataSource (at org.apache.flink.api.scala.ExecutionEnvironment.createInput(ExecutionEnvironment.scala:390) (org.apache.flink.api.java.io.jdbc.JDBCInputFormat)) (3/6) (4bd33c5763b3dbf8d58b7e59fa3936f8).
2020-03-31 23:18:06,510 INFO  org.apache.flink.runtime.taskmanager.Task                     - Freeing task resources for DataSource (at org.apache.flink.api.scala.ExecutionEnvironment.createInput(ExecutionEnvironment.scala:390) (org.apache.flink.api.java.io.jdbc.JDBCInputFormat)) (4/6) (2c69d632df0cb608a2dbc1c95e347783).
2020-03-31 23:18:06,510 INFO  org.apache.flink.runtime.taskmanager.Task                     - DataSource (at org.apache.flink.api.scala.ExecutionEnvironment.createInput(ExecutionEnvironment.scala:390) (org.apache.flink.api.java.io.jdbc.JDBCInputFormat)) (5/6) (31df4ee48b8526e4dab01e91a7df684f) switched from RUNNING to FINISHED.
2020-03-31 23:18:06,511 INFO  org.apache.flink.runtime.taskmanager.Task                     - Ensuring all FileSystem streams are closed for task DataSource (at org.apache.flink.api.scala.ExecutionEnvironment.createInput(ExecutionEnvironment.scala:390) (org.apache.flink.api.java.io.jdbc.JDBCInputFormat)) (4/6) (2c69d632df0cb608a2dbc1c95e347783) [FINISHED]
2020-03-31 23:18:06,511 INFO  org.apache.flink.runtime.taskmanager.Task                     - Ensuring all FileSystem streams are closed for task DataSource (at org.apache.flink.api.scala.ExecutionEnvironment.createInput(ExecutionEnvironment.scala:390) (org.apache.flink.api.java.io.jdbc.JDBCInputFormat)) (3/6) (4bd33c5763b3dbf8d58b7e59fa3936f8) [FINISHED]
2020-03-31 23:18:06,511 INFO  org.apache.flink.runtime.taskmanager.Task                     - Ensuring all FileSystem streams are closed for task DataSource (at org.apache.flink.api.scala.ExecutionEnvironment.createInput(ExecutionEnvironment.scala:390) (org.apache.flink.api.java.io.jdbc.JDBCInputFormat)) (2/6) (54bced3ddfa4aaa9d63fee00ab669a10) [FINISHED]
2020-03-31 23:18:06,511 INFO  org.apache.flink.runtime.taskmanager.Task                     - Ensuring all FileSystem streams are closed for task DataSource (at org.apache.flink.api.scala.ExecutionEnvironment.createInput(ExecutionEnvironment.scala:390) (org.apache.flink.api.java.io.jdbc.JDBCInputFormat)) (1/6) (ea860d5cf5475c45ceff809b07c61985) [FINISHED]
2020-03-31 23:18:06,511 INFO  org.apache.flink.runtime.taskmanager.Task                     - Freeing task resources for DataSource (at org.apache.flink.api.scala.ExecutionEnvironment.createInput(ExecutionEnvironment.scala:390) (org.apache.flink.api.java.io.jdbc.JDBCInputFormat)) (5/6) (31df4ee48b8526e4dab01e91a7df684f).
2020-03-31 23:18:06,511 INFO  org.apache.flink.runtime.taskmanager.Task                     - Ensuring all FileSystem streams are closed for task DataSource (at org.apache.flink.api.scala.ExecutionEnvironment.createInput(ExecutionEnvironment.scala:390) (org.apache.flink.api.java.io.jdbc.JDBCInputFormat)) (5/6) (31df4ee48b8526e4dab01e91a7df684f) [FINISHED]
2020-03-31 23:18:06,512 INFO  org.apache.flink.runtime.executiongraph.ExecutionGraph        - DataSink (collect()) (2/6) (8ad922a0e8d30d2e11ae3f01f67e7eb6) switched from CREATED to SCHEDULED.
2020-03-31 23:18:06,512 INFO  org.apache.flink.runtime.taskexecutor.TaskExecutor            - Un-registering task and sending final execution state FINISHED to JobManager for task DataSource (at org.apache.flink.api.scala.ExecutionEnvironment.createInput(ExecutionEnvironment.scala:390) (org.apache.flink.api.java.io.jdbc.JDBCInputFormat)) 31df4ee48b8526e4dab01e91a7df684f.
2020-03-31 23:18:06,512 INFO  org.apache.flink.runtime.executiongraph.ExecutionGraph        - DataSink (collect()) (6/6) (f7b62d625e0db23bdb2dafad7156f09c) switched from CREATED to SCHEDULED.
2020-03-31 23:18:06,513 INFO  org.apache.flink.runtime.taskmanager.Task                     - DataSource (at org.apache.flink.api.scala.ExecutionEnvironment.createInput(ExecutionEnvironment.scala:390) (org.apache.flink.api.java.io.jdbc.JDBCInputFormat)) (6/6) (cab4ff80bd72974a1ffcf1a0145571c9) switched from RUNNING to FINISHED.
2020-03-31 23:18:06,513 INFO  org.apache.flink.runtime.taskmanager.Task                     - Freeing task resources for DataSource (at org.apache.flink.api.scala.ExecutionEnvironment.createInput(ExecutionEnvironment.scala:390) (org.apache.flink.api.java.io.jdbc.JDBCInputFormat)) (6/6) (cab4ff80bd72974a1ffcf1a0145571c9).
2020-03-31 23:18:06,513 INFO  org.apache.flink.runtime.executiongraph.ExecutionGraph        - DataSink (collect()) (5/6) (7fa439418993070f45768f393d9ba1ed) switched from CREATED to SCHEDULED.
2020-03-31 23:18:06,514 INFO  org.apache.flink.runtime.taskmanager.Task                     - Ensuring all FileSystem streams are closed for task DataSource (at org.apache.flink.api.scala.ExecutionEnvironment.createInput(ExecutionEnvironment.scala:390) (org.apache.flink.api.java.io.jdbc.JDBCInputFormat)) (6/6) (cab4ff80bd72974a1ffcf1a0145571c9) [FINISHED]
2020-03-31 23:18:06,514 INFO  org.apache.flink.runtime.executiongraph.ExecutionGraph        - DataSink (collect()) (3/6) (5253173b26db8170df7b94763258ffbe) switched from CREATED to SCHEDULED.
2020-03-31 23:18:06,513 INFO  org.apache.flink.runtime.executiongraph.ExecutionGraph        - DataSink (collect()) (4/6) (0d6800e154881e351e9ff26a77b572ae) switched from CREATED to SCHEDULED.
2020-03-31 23:18:06,514 INFO  org.apache.flink.runtime.executiongraph.ExecutionGraph        - DataSink (collect()) (1/6) (1189642c3554085455d333f69061789c) switched from CREATED to SCHEDULED.
2020-03-31 23:18:06,517 INFO  org.apache.flink.runtime.executiongraph.ExecutionGraph        - DataSink (collect()) (2/6) (8ad922a0e8d30d2e11ae3f01f67e7eb6) switched from SCHEDULED to DEPLOYING.
2020-03-31 23:18:06,517 INFO  org.apache.flink.runtime.executiongraph.ExecutionGraph        - DataSink (collect()) (6/6) (f7b62d625e0db23bdb2dafad7156f09c) switched from SCHEDULED to DEPLOYING.
2020-03-31 23:18:06,518 INFO  org.apache.flink.runtime.executiongraph.ExecutionGraph        - Deploying DataSink (collect()) (2/6) (attempt #0) to www
2020-03-31 23:18:06,518 INFO  org.apache.flink.runtime.executiongraph.ExecutionGraph        - Deploying DataSink (collect()) (6/6) (attempt #0) to www
2020-03-31 23:18:06,518 INFO  org.apache.flink.runtime.taskexecutor.TaskExecutor            - Un-registering task and sending final execution state FINISHED to JobManager for task DataSource (at org.apache.flink.api.scala.ExecutionEnvironment.createInput(ExecutionEnvironment.scala:390) (org.apache.flink.api.java.io.jdbc.JDBCInputFormat)) 4bd33c5763b3dbf8d58b7e59fa3936f8.
2020-03-31 23:18:06,519 INFO  org.apache.flink.runtime.taskexecutor.TaskExecutor            - Un-registering task and sending final execution state FINISHED to JobManager for task DataSource (at org.apache.flink.api.scala.ExecutionEnvironment.createInput(ExecutionEnvironment.scala:390) (org.apache.flink.api.java.io.jdbc.JDBCInputFormat)) ea860d5cf5475c45ceff809b07c61985.
2020-03-31 23:18:06,519 INFO  org.apache.flink.runtime.taskexecutor.TaskExecutor            - Un-registering task and sending final execution state FINISHED to JobManager for task DataSource (at org.apache.flink.api.scala.ExecutionEnvironment.createInput(ExecutionEnvironment.scala:390) (org.apache.flink.api.java.io.jdbc.JDBCInputFormat)) 2c69d632df0cb608a2dbc1c95e347783.
2020-03-31 23:18:06,519 INFO  org.apache.flink.runtime.executiongraph.ExecutionGraph        - DataSink (collect()) (5/6) (7fa439418993070f45768f393d9ba1ed) switched from SCHEDULED to DEPLOYING.
2020-03-31 23:18:06,519 INFO  org.apache.flink.runtime.executiongraph.ExecutionGraph        - Deploying DataSink (collect()) (5/6) (attempt #0) to www
2020-03-31 23:18:06,519 INFO  org.apache.flink.runtime.taskexecutor.TaskExecutor            - Un-registering task and sending final execution state FINISHED to JobManager for task DataSource (at org.apache.flink.api.scala.ExecutionEnvironment.createInput(ExecutionEnvironment.scala:390) (org.apache.flink.api.java.io.jdbc.JDBCInputFormat)) 54bced3ddfa4aaa9d63fee00ab669a10.
2020-03-31 23:18:06,520 INFO  org.apache.flink.runtime.taskexecutor.TaskExecutor            - Un-registering task and sending final execution state FINISHED to JobManager for task DataSource (at org.apache.flink.api.scala.ExecutionEnvironment.createInput(ExecutionEnvironment.scala:390) (org.apache.flink.api.java.io.jdbc.JDBCInputFormat)) cab4ff80bd72974a1ffcf1a0145571c9.
2020-03-31 23:18:06,520 INFO  org.apache.flink.runtime.executiongraph.ExecutionGraph        - DataSink (collect()) (4/6) (0d6800e154881e351e9ff26a77b572ae) switched from SCHEDULED to DEPLOYING.
2020-03-31 23:18:06,520 INFO  org.apache.flink.runtime.executiongraph.ExecutionGraph        - DataSink (collect()) (3/6) (5253173b26db8170df7b94763258ffbe) switched from SCHEDULED to DEPLOYING.
2020-03-31 23:18:06,520 INFO  org.apache.flink.runtime.executiongraph.ExecutionGraph        - Deploying DataSink (collect()) (4/6) (attempt #0) to www
2020-03-31 23:18:06,520 INFO  org.apache.flink.runtime.executiongraph.ExecutionGraph        - Deploying DataSink (collect()) (3/6) (attempt #0) to www
2020-03-31 23:18:06,520 INFO  org.apache.flink.runtime.executiongraph.ExecutionGraph        - DataSink (collect()) (1/6) (1189642c3554085455d333f69061789c) switched from SCHEDULED to DEPLOYING.
2020-03-31 23:18:06,520 INFO  org.apache.flink.runtime.executiongraph.ExecutionGraph        - DataSource (at org.apache.flink.api.scala.ExecutionEnvironment.createInput(ExecutionEnvironment.scala:390) (org.apache.flink.api.java.io.jdbc.JDBCInputFormat)) (5/6) (31df4ee48b8526e4dab01e91a7df684f) switched from RUNNING to FINISHED.
2020-03-31 23:18:06,520 INFO  org.apache.flink.runtime.executiongraph.ExecutionGraph        - Deploying DataSink (collect()) (1/6) (attempt #0) to www
2020-03-31 23:18:06,523 INFO  org.apache.flink.runtime.executiongraph.ExecutionGraph        - DataSource (at org.apache.flink.api.scala.ExecutionEnvironment.createInput(ExecutionEnvironment.scala:390) (org.apache.flink.api.java.io.jdbc.JDBCInputFormat)) (3/6) (4bd33c5763b3dbf8d58b7e59fa3936f8) switched from RUNNING to FINISHED.
2020-03-31 23:18:06,524 INFO  org.apache.flink.runtime.taskexecutor.TaskExecutor            - Received task DataSink (collect()) (2/6).
2020-03-31 23:18:06,524 INFO  org.apache.flink.runtime.executiongraph.ExecutionGraph        - DataSource (at org.apache.flink.api.scala.ExecutionEnvironment.createInput(ExecutionEnvironment.scala:390) (org.apache.flink.api.java.io.jdbc.JDBCInputFormat)) (1/6) (ea860d5cf5475c45ceff809b07c61985) switched from RUNNING to FINISHED.
2020-03-31 23:18:06,524 INFO  org.apache.flink.runtime.taskmanager.Task                     - DataSink (collect()) (2/6) (8ad922a0e8d30d2e11ae3f01f67e7eb6) switched from CREATED to DEPLOYING.
2020-03-31 23:18:06,525 INFO  org.apache.flink.runtime.taskmanager.Task                     - Creating FileSystem stream leak safety net for task DataSink (collect()) (2/6) (8ad922a0e8d30d2e11ae3f01f67e7eb6) [DEPLOYING]
2020-03-31 23:18:06,525 INFO  org.apache.flink.runtime.taskmanager.Task                     - Loading JAR files for task DataSink (collect()) (2/6) (8ad922a0e8d30d2e11ae3f01f67e7eb6) [DEPLOYING].
2020-03-31 23:18:06,525 INFO  org.apache.flink.runtime.executiongraph.ExecutionGraph        - DataSource (at org.apache.flink.api.scala.ExecutionEnvironment.createInput(ExecutionEnvironment.scala:390) (org.apache.flink.api.java.io.jdbc.JDBCInputFormat)) (4/6) (2c69d632df0cb608a2dbc1c95e347783) switched from RUNNING to FINISHED.
2020-03-31 23:18:06,525 INFO  org.apache.flink.runtime.taskexecutor.TaskExecutor            - Received task DataSink (collect()) (5/6).
2020-03-31 23:18:06,526 INFO  org.apache.flink.runtime.executiongraph.ExecutionGraph        - DataSource (at org.apache.flink.api.scala.ExecutionEnvironment.createInput(ExecutionEnvironment.scala:390) (org.apache.flink.api.java.io.jdbc.JDBCInputFormat)) (2/6) (54bced3ddfa4aaa9d63fee00ab669a10) switched from RUNNING to FINISHED.
2020-03-31 23:18:06,526 INFO  org.apache.flink.runtime.executiongraph.ExecutionGraph        - DataSource (at org.apache.flink.api.scala.ExecutionEnvironment.createInput(ExecutionEnvironment.scala:390) (org.apache.flink.api.java.io.jdbc.JDBCInputFormat)) (6/6) (cab4ff80bd72974a1ffcf1a0145571c9) switched from RUNNING to FINISHED.
2020-03-31 23:18:06,526 INFO  org.apache.flink.runtime.taskmanager.Task                     - DataSink (collect()) (5/6) (7fa439418993070f45768f393d9ba1ed) switched from CREATED to DEPLOYING.
2020-03-31 23:18:06,526 INFO  org.apache.flink.runtime.taskmanager.Task                     - Registering task at network: DataSink (collect()) (2/6) (8ad922a0e8d30d2e11ae3f01f67e7eb6) [DEPLOYING].
2020-03-31 23:18:06,527 INFO  org.apache.flink.runtime.taskmanager.Task                     - Creating FileSystem stream leak safety net for task DataSink (collect()) (5/6) (7fa439418993070f45768f393d9ba1ed) [DEPLOYING]
2020-03-31 23:18:06,527 INFO  org.apache.flink.runtime.taskexecutor.TaskExecutor            - Received task DataSink (collect()) (6/6).
2020-03-31 23:18:06,527 INFO  org.apache.flink.runtime.taskmanager.Task                     - Loading JAR files for task DataSink (collect()) (5/6) (7fa439418993070f45768f393d9ba1ed) [DEPLOYING].
2020-03-31 23:18:06,528 INFO  org.apache.flink.runtime.taskmanager.Task                     - Registering task at network: DataSink (collect()) (5/6) (7fa439418993070f45768f393d9ba1ed) [DEPLOYING].
2020-03-31 23:18:06,528 INFO  org.apache.flink.runtime.taskmanager.Task                     - DataSink (collect()) (6/6) (f7b62d625e0db23bdb2dafad7156f09c) switched from CREATED to DEPLOYING.
2020-03-31 23:18:06,529 INFO  org.apache.flink.runtime.taskmanager.Task                     - Creating FileSystem stream leak safety net for task DataSink (collect()) (6/6) (f7b62d625e0db23bdb2dafad7156f09c) [DEPLOYING]
2020-03-31 23:18:06,529 INFO  org.apache.flink.runtime.taskmanager.Task                     - Loading JAR files for task DataSink (collect()) (6/6) (f7b62d625e0db23bdb2dafad7156f09c) [DEPLOYING].
2020-03-31 23:18:06,529 INFO  org.apache.flink.runtime.taskexecutor.TaskExecutor            - Received task DataSink (collect()) (4/6).
2020-03-31 23:18:06,530 INFO  org.apache.flink.runtime.taskmanager.Task                     - DataSink (collect()) (4/6) (0d6800e154881e351e9ff26a77b572ae) switched from CREATED to DEPLOYING.
2020-03-31 23:18:06,530 INFO  org.apache.flink.runtime.taskmanager.Task                     - Creating FileSystem stream leak safety net for task DataSink (collect()) (4/6) (0d6800e154881e351e9ff26a77b572ae) [DEPLOYING]
2020-03-31 23:18:06,530 INFO  org.apache.flink.runtime.taskmanager.Task                     - Loading JAR files for task DataSink (collect()) (4/6) (0d6800e154881e351e9ff26a77b572ae) [DEPLOYING].
2020-03-31 23:18:06,530 INFO  org.apache.flink.runtime.taskmanager.Task                     - DataSink (collect()) (5/6) (7fa439418993070f45768f393d9ba1ed) switched from DEPLOYING to RUNNING.
2020-03-31 23:18:06,530 INFO  org.apache.flink.runtime.taskmanager.Task                     - Registering task at network: DataSink (collect()) (6/6) (f7b62d625e0db23bdb2dafad7156f09c) [DEPLOYING].
2020-03-31 23:18:06,530 INFO  org.apache.flink.runtime.taskmanager.Task                     - DataSink (collect()) (2/6) (8ad922a0e8d30d2e11ae3f01f67e7eb6) switched from DEPLOYING to RUNNING.
2020-03-31 23:18:06,531 INFO  org.apache.flink.runtime.executiongraph.ExecutionGraph        - DataSink (collect()) (5/6) (7fa439418993070f45768f393d9ba1ed) switched from DEPLOYING to RUNNING.
2020-03-31 23:18:06,531 INFO  org.apache.flink.runtime.taskmanager.Task                     - Registering task at network: DataSink (collect()) (4/6) (0d6800e154881e351e9ff26a77b572ae) [DEPLOYING].
2020-03-31 23:18:06,531 INFO  org.apache.flink.runtime.taskmanager.Task                     - DataSink (collect()) (6/6) (f7b62d625e0db23bdb2dafad7156f09c) switched from DEPLOYING to RUNNING.
2020-03-31 23:18:06,532 INFO  org.apache.flink.runtime.taskexecutor.TaskExecutor            - Received task DataSink (collect()) (1/6).
2020-03-31 23:18:06,532 INFO  org.apache.flink.runtime.taskmanager.Task                     - DataSink (collect()) (4/6) (0d6800e154881e351e9ff26a77b572ae) switched from DEPLOYING to RUNNING.
2020-03-31 23:18:06,533 INFO  org.apache.flink.runtime.executiongraph.ExecutionGraph        - DataSink (collect()) (2/6) (8ad922a0e8d30d2e11ae3f01f67e7eb6) switched from DEPLOYING to RUNNING.
2020-03-31 23:18:06,533 INFO  org.apache.flink.runtime.executiongraph.ExecutionGraph        - DataSink (collect()) (6/6) (f7b62d625e0db23bdb2dafad7156f09c) switched from DEPLOYING to RUNNING.
2020-03-31 23:18:06,533 INFO  org.apache.flink.runtime.executiongraph.ExecutionGraph        - DataSink (collect()) (4/6) (0d6800e154881e351e9ff26a77b572ae) switched from DEPLOYING to RUNNING.
2020-03-31 23:18:06,533 INFO  org.apache.flink.runtime.taskmanager.Task                     - DataSink (collect()) (1/6) (1189642c3554085455d333f69061789c) switched from CREATED to DEPLOYING.
2020-03-31 23:18:06,534 INFO  org.apache.flink.runtime.taskmanager.Task                     - Creating FileSystem stream leak safety net for task DataSink (collect()) (1/6) (1189642c3554085455d333f69061789c) [DEPLOYING]
2020-03-31 23:18:06,534 INFO  org.apache.flink.runtime.taskmanager.Task                     - Loading JAR files for task DataSink (collect()) (1/6) (1189642c3554085455d333f69061789c) [DEPLOYING].
2020-03-31 23:18:06,534 INFO  org.apache.flink.runtime.taskmanager.Task                     - Registering task at network: DataSink (collect()) (1/6) (1189642c3554085455d333f69061789c) [DEPLOYING].
2020-03-31 23:18:06,535 INFO  org.apache.flink.runtime.taskexecutor.TaskExecutor            - Received task DataSink (collect()) (3/6).
2020-03-31 23:18:06,535 INFO  org.apache.flink.runtime.taskmanager.Task                     - DataSink (collect()) (1/6) (1189642c3554085455d333f69061789c) switched from DEPLOYING to RUNNING.
2020-03-31 23:18:06,535 INFO  org.apache.flink.runtime.executiongraph.ExecutionGraph        - DataSink (collect()) (1/6) (1189642c3554085455d333f69061789c) switched from DEPLOYING to RUNNING.
2020-03-31 23:18:06,535 INFO  org.apache.flink.runtime.taskmanager.Task                     - DataSink (collect()) (3/6) (5253173b26db8170df7b94763258ffbe) switched from CREATED to DEPLOYING.
2020-03-31 23:18:06,536 INFO  org.apache.flink.runtime.taskmanager.Task                     - Creating FileSystem stream leak safety net for task DataSink (collect()) (3/6) (5253173b26db8170df7b94763258ffbe) [DEPLOYING]
2020-03-31 23:18:06,536 INFO  org.apache.flink.runtime.taskmanager.Task                     - Loading JAR files for task DataSink (collect()) (3/6) (5253173b26db8170df7b94763258ffbe) [DEPLOYING].
2020-03-31 23:18:06,536 INFO  org.apache.flink.runtime.taskmanager.Task                     - Registering task at network: DataSink (collect()) (3/6) (5253173b26db8170df7b94763258ffbe) [DEPLOYING].
2020-03-31 23:18:06,537 INFO  org.apache.flink.runtime.taskmanager.Task                     - DataSink (collect()) (3/6) (5253173b26db8170df7b94763258ffbe) switched from DEPLOYING to RUNNING.
2020-03-31 23:18:06,537 INFO  org.apache.flink.runtime.executiongraph.ExecutionGraph        - DataSink (collect()) (3/6) (5253173b26db8170df7b94763258ffbe) switched from DEPLOYING to RUNNING.
2020-03-31 23:18:06,544 INFO  org.apache.flink.runtime.taskmanager.Task                     - DataSink (collect()) (3/6) (5253173b26db8170df7b94763258ffbe) switched from RUNNING to FINISHED.
2020-03-31 23:18:06,545 INFO  org.apache.flink.runtime.taskmanager.Task                     - DataSink (collect()) (1/6) (1189642c3554085455d333f69061789c) switched from RUNNING to FINISHED.
2020-03-31 23:18:06,545 INFO  org.apache.flink.runtime.taskmanager.Task                     - DataSink (collect()) (4/6) (0d6800e154881e351e9ff26a77b572ae) switched from RUNNING to FINISHED.
2020-03-31 23:18:06,545 INFO  org.apache.flink.runtime.taskmanager.Task                     - Freeing task resources for DataSink (collect()) (4/6) (0d6800e154881e351e9ff26a77b572ae).
2020-03-31 23:18:06,545 INFO  org.apache.flink.runtime.taskmanager.Task                     - Freeing task resources for DataSink (collect()) (3/6) (5253173b26db8170df7b94763258ffbe).
2020-03-31 23:18:06,545 INFO  org.apache.flink.runtime.taskmanager.Task                     - DataSink (collect()) (5/6) (7fa439418993070f45768f393d9ba1ed) switched from RUNNING to FINISHED.
2020-03-31 23:18:06,545 INFO  org.apache.flink.runtime.taskmanager.Task                     - Ensuring all FileSystem streams are closed for task DataSink (collect()) (4/6) (0d6800e154881e351e9ff26a77b572ae) [FINISHED]
2020-03-31 23:18:06,544 INFO  org.apache.flink.runtime.taskmanager.Task                     - DataSink (collect()) (2/6) (8ad922a0e8d30d2e11ae3f01f67e7eb6) switched from RUNNING to FINISHED.
2020-03-31 23:18:06,545 INFO  org.apache.flink.runtime.taskmanager.Task                     - Freeing task resources for DataSink (collect()) (2/6) (8ad922a0e8d30d2e11ae3f01f67e7eb6).
2020-03-31 23:18:06,545 INFO  org.apache.flink.runtime.taskmanager.Task                     - Ensuring all FileSystem streams are closed for task DataSink (collect()) (3/6) (5253173b26db8170df7b94763258ffbe) [FINISHED]
2020-03-31 23:18:06,545 INFO  org.apache.flink.runtime.taskmanager.Task                     - Freeing task resources for DataSink (collect()) (5/6) (7fa439418993070f45768f393d9ba1ed).
2020-03-31 23:18:06,546 INFO  org.apache.flink.runtime.taskmanager.Task                     - Ensuring all FileSystem streams are closed for task DataSink (collect()) (5/6) (7fa439418993070f45768f393d9ba1ed) [FINISHED]
2020-03-31 23:18:06,545 INFO  org.apache.flink.runtime.taskmanager.Task                     - Freeing task resources for DataSink (collect()) (1/6) (1189642c3554085455d333f69061789c).
2020-03-31 23:18:06,545 INFO  org.apache.flink.runtime.taskmanager.Task                     - Ensuring all FileSystem streams are closed for task DataSink (collect()) (2/6) (8ad922a0e8d30d2e11ae3f01f67e7eb6) [FINISHED]
2020-03-31 23:18:06,546 INFO  org.apache.flink.runtime.taskmanager.Task                     - Ensuring all FileSystem streams are closed for task DataSink (collect()) (1/6) (1189642c3554085455d333f69061789c) [FINISHED]
2020-03-31 23:18:06,546 INFO  org.apache.flink.runtime.taskmanager.Task                     - DataSink (collect()) (6/6) (f7b62d625e0db23bdb2dafad7156f09c) switched from RUNNING to FINISHED.
2020-03-31 23:18:06,546 INFO  org.apache.flink.runtime.taskmanager.Task                     - Freeing task resources for DataSink (collect()) (6/6) (f7b62d625e0db23bdb2dafad7156f09c).
2020-03-31 23:18:06,545 INFO  org.apache.flink.runtime.taskexecutor.TaskExecutor            - Un-registering task and sending final execution state FINISHED to JobManager for task DataSink (collect()) 0d6800e154881e351e9ff26a77b572ae.
2020-03-31 23:18:06,546 INFO  org.apache.flink.runtime.taskmanager.Task                     - Ensuring all FileSystem streams are closed for task DataSink (collect()) (6/6) (f7b62d625e0db23bdb2dafad7156f09c) [FINISHED]
2020-03-31 23:18:06,547 INFO  org.apache.flink.runtime.taskexecutor.TaskExecutor            - Un-registering task and sending final execution state FINISHED to JobManager for task DataSink (collect()) 5253173b26db8170df7b94763258ffbe.
2020-03-31 23:18:06,548 INFO  org.apache.flink.runtime.taskexecutor.TaskExecutor            - Un-registering task and sending final execution state FINISHED to JobManager for task DataSink (collect()) 7fa439418993070f45768f393d9ba1ed.
2020-03-31 23:18:06,548 INFO  org.apache.flink.runtime.executiongraph.ExecutionGraph        - DataSink (collect()) (4/6) (0d6800e154881e351e9ff26a77b572ae) switched from RUNNING to FINISHED.
2020-03-31 23:18:06,548 INFO  org.apache.flink.runtime.taskexecutor.TaskExecutor            - Un-registering task and sending final execution state FINISHED to JobManager for task DataSink (collect()) 8ad922a0e8d30d2e11ae3f01f67e7eb6.
2020-03-31 23:18:06,548 INFO  org.apache.flink.runtime.taskexecutor.TaskExecutor            - Un-registering task and sending final execution state FINISHED to JobManager for task DataSink (collect()) 1189642c3554085455d333f69061789c.
2020-03-31 23:18:06,548 INFO  org.apache.flink.runtime.executiongraph.ExecutionGraph        - DataSink (collect()) (3/6) (5253173b26db8170df7b94763258ffbe) switched from RUNNING to FINISHED.
2020-03-31 23:18:06,548 INFO  org.apache.flink.runtime.taskexecutor.TaskExecutor            - Un-registering task and sending final execution state FINISHED to JobManager for task DataSink (collect()) f7b62d625e0db23bdb2dafad7156f09c.
2020-03-31 23:18:06,549 INFO  org.apache.flink.runtime.executiongraph.ExecutionGraph        - DataSink (collect()) (5/6) (7fa439418993070f45768f393d9ba1ed) switched from RUNNING to FINISHED.
2020-03-31 23:18:06,549 INFO  org.apache.flink.runtime.executiongraph.ExecutionGraph        - DataSink (collect()) (2/6) (8ad922a0e8d30d2e11ae3f01f67e7eb6) switched from RUNNING to FINISHED.
2020-03-31 23:18:06,550 INFO  org.apache.flink.runtime.executiongraph.ExecutionGraph        - DataSink (collect()) (1/6) (1189642c3554085455d333f69061789c) switched from RUNNING to FINISHED.
2020-03-31 23:18:06,550 INFO  org.apache.flink.runtime.executiongraph.ExecutionGraph        - DataSink (collect()) (6/6) (f7b62d625e0db23bdb2dafad7156f09c) switched from RUNNING to FINISHED.
2020-03-31 23:18:06,551 INFO  org.apache.flink.runtime.executiongraph.ExecutionGraph        - Job Flink Java Job at Tue Mar 31 23:18:01 CST 2020 (f0363f032301db38d2400a4463138e6a) switched from state RUNNING to FINISHED.
2020-03-31 23:18:06,562 INFO  org.apache.flink.runtime.dispatcher.StandaloneDispatcher      - Job f0363f032301db38d2400a4463138e6a reached globally terminal state FINISHED.
2020-03-31 23:18:06,562 INFO  org.apache.flink.runtime.minicluster.MiniCluster              - Shutting down Flink Mini Cluster
2020-03-31 23:18:06,562 INFO  org.apache.flink.runtime.dispatcher.DispatcherRestEndpoint    - Shutting down rest endpoint.
2020-03-31 23:18:06,563 INFO  org.apache.flink.runtime.taskexecutor.TaskExecutor            - Stopping TaskExecutor akka://flink/user/taskmanager_0.
2020-03-31 23:18:06,563 INFO  org.apache.flink.runtime.jobmaster.JobMaster                  - Stopping the JobMaster for job Flink Java Job at Tue Mar 31 23:18:01 CST 2020(f0363f032301db38d2400a4463138e6a).
2020-03-31 23:18:06,564 INFO  org.apache.flink.runtime.dispatcher.StandaloneDispatcher      - Stopping dispatcher akka://flink/user/dispatcher5a6e7c4c-ec0f-4083-bc12-4aa47c06f443.
2020-03-31 23:18:06,564 INFO  org.apache.flink.runtime.dispatcher.StandaloneDispatcher      - Stopping all currently running jobs of dispatcher akka://flink/user/dispatcher5a6e7c4c-ec0f-4083-bc12-4aa47c06f443.
2020-03-31 23:18:06,564 INFO  org.apache.flink.runtime.state.TaskExecutorLocalStateStoresManager  - Shutting down TaskExecutorLocalStateStoresManager.
2020-03-31 23:18:06,564 INFO  org.apache.flink.runtime.jobmaster.JobMaster                  - Close ResourceManager connection 499b6a7f34e5364760f218af784b7c4e: JobManager is shutting down..
2020-03-31 23:18:06,564 INFO  org.apache.flink.runtime.jobmaster.slotpool.SlotPool          - Suspending SlotPool.
2020-03-31 23:18:06,565 INFO  org.apache.flink.runtime.jobmaster.slotpool.SlotPool          - Stopping SlotPool.
2020-03-31 23:18:06,566 INFO  org.apache.flink.runtime.resourcemanager.StandaloneResourceManager  - Disconnect job manager bb25772df33743e4a4cfce5876a54b5d@akka://flink/user/jobmanager_1 for job f0363f032301db38d2400a4463138e6a from the resource manager.
2020-03-31 23:18:06,566 INFO  org.apache.flink.runtime.taskexecutor.TaskExecutor            - JobManager for job f0363f032301db38d2400a4463138e6a with leader id bb25772df33743e4a4cfce5876a54b5d lost leadership.
2020-03-31 23:18:06,572 INFO  org.apache.flink.runtime.rest.handler.legacy.backpressure.StackTraceSampleCoordinator  - Shutting down stack trace sample coordinator.
2020-03-31 23:18:06,572 INFO  org.apache.flink.runtime.dispatcher.StandaloneDispatcher      - Stopped dispatcher akka://flink/user/dispatcher5a6e7c4c-ec0f-4083-bc12-4aa47c06f443.
2020-03-31 23:18:06,574 INFO  org.apache.flink.runtime.resourcemanager.slotmanager.SlotManager  - Closing the SlotManager.
2020-03-31 23:18:06,574 INFO  org.apache.flink.runtime.resourcemanager.slotmanager.SlotManager  - Suspending the SlotManager.
2020-03-31 23:18:06,575 INFO  org.apache.flink.runtime.dispatcher.DispatcherRestEndpoint    - Removing cache directory C:\Users\KANGJIAN\AppData\Local\Temp\flink-web-ui
2020-03-31 23:18:06,578 INFO  org.apache.flink.runtime.dispatcher.DispatcherRestEndpoint    - Shut down complete.
2020-03-31 23:18:06,580 INFO  org.apache.flink.runtime.io.disk.iomanager.IOManager          - I/O manager removed spill file directory C:\Users\KANGJIAN\AppData\Local\Temp\flink-io-f4185e33-c872-4f9a-b0c4-1b514fd4cb78
2020-03-31 23:18:06,580 INFO  org.apache.flink.runtime.io.network.NetworkEnvironment        - Shutting down the network environment and its components.
2020-03-31 23:18:06,644 INFO  org.apache.flink.runtime.taskexecutor.JobLeaderService        - Stop job leader service.
2020-03-31 23:18:06,646 INFO  org.apache.flink.runtime.taskexecutor.TaskExecutor            - Stopped TaskExecutor akka://flink/user/taskmanager_0.
2020-03-31 23:18:06,652 INFO  akka.remote.RemoteActorRefProvider$RemotingTerminator         - Shutting down remote daemon.
2020-03-31 23:18:06,653 INFO  akka.remote.RemoteActorRefProvider$RemotingTerminator         - Remote daemon shut down; proceeding with flushing remote transports.
2020-03-31 23:18:06,667 INFO  akka.remote.RemoteActorRefProvider$RemotingTerminator         - Remoting shut down.
2020-03-31 23:18:06,684 INFO  org.apache.flink.runtime.rpc.akka.AkkaRpcService              - Stopping Akka RPC service.
2020-03-31 23:18:06,694 INFO  org.apache.flink.runtime.blob.PermanentBlobCache              - Shutting down BLOB cache
2020-03-31 23:18:06,695 INFO  org.apache.flink.runtime.blob.TransientBlobCache              - Shutting down BLOB cache
2020-03-31 23:18:06,698 INFO  org.apache.flink.runtime.blob.BlobServer                      - Stopped BLOB server at 0.0.0.0:12028
2020-03-31 23:18:06,698 INFO  org.apache.flink.runtime.rpc.akka.AkkaRpcService              - Stopped Akka RPC service.
